Release 14.7 Map P.20131013 (lin64)
Xilinx Mapping Report File for Design 'pipeCPU'

Design Information
------------------
Command Line   : map -detail -u -p xc6slx16-3-csg324 -pr b -c 100 -o
design_map.ncd design.ngd design.pcf 
Target Device  : xc6slx16
Target Package : csg324
Target Speed   : -3
Mapper Version : spartan6 -- $Revision: 1.55 $
Mapped Date    : Wed Apr  6 08:59:35 2022

Design Summary
--------------
Number of errors:      0
Number of warnings:   20
Slice Logic Utilization:
  Number of Slice Registers:                   185 out of  18,224    1%
    Number used as Flip Flops:                 184
    Number used as Latches:                      0
    Number used as Latch-thrus:                  0
    Number used as AND/OR logics:                1
  Number of Slice LUTs:                        558 out of   9,112    6%
    Number used as logic:                      415 out of   9,112    4%
      Number using O6 output only:             300
      Number using O5 output only:              50
      Number using O5 and O6:                   65
      Number used as ROM:                        0
    Number used as Memory:                     137 out of   2,176    6%
      Number used as Dual Port RAM:            104
        Number using O6 output only:            88
        Number using O5 output only:             0
        Number using O5 and O6:                 16
      Number used as Single Port RAM:           32
        Number using O6 output only:            32
        Number using O5 output only:             0
        Number using O5 and O6:                  0
      Number used as Shift Register:             1
        Number using O6 output only:             1
        Number using O5 output only:             0
        Number using O5 and O6:                  0
    Number used exclusively as route-thrus:      6
      Number with same-slice register load:      1
      Number with same-slice carry load:         5
      Number with other load:                    0

Slice Logic Distribution:
  Number of occupied Slices:                   164 out of   2,278    7%
  Number of MUXCYs used:                       148 out of   4,556    3%
  Number of LUT Flip Flop pairs used:          572
    Number with an unused Flip Flop:           409 out of     572   71%
    Number with an unused LUT:                  14 out of     572    2%
    Number of fully used LUT-FF pairs:         149 out of     572   26%
    Number of unique control sets:              15
    Number of slice register sites lost
      to control set restrictions:              55 out of  18,224    1%

  A LUT Flip Flop pair for this architecture represents one LUT paired with
  one Flip Flop within a slice.  A control set is a unique combination of
  clock, reset, set, and enable signals for a registered element.
  The Slice Logic Distribution report is not meaningful if the design is
  over-mapped for a non-slice resource or if Placement fails.

IO Utilization:
  Number of bonded IOBs:                        15 out of     232    6%
    Number of LOCed IOBs:                       14 out of      15   93%
    IOB Flip Flops:                             12

Specific Feature Utilization:
  Number of RAMB16BWERs:                         0 out of      32    0%
  Number of RAMB8BWERs:                          0 out of      64    0%
  Number of BUFIO2/BUFIO2_2CLKs:                 0 out of      32    0%
  Number of BUFIO2FB/BUFIO2FB_2CLKs:             0 out of      32    0%
  Number of BUFG/BUFGMUXs:                       1 out of      16    6%
    Number used as BUFGs:                        1
    Number used as BUFGMUX:                      0
  Number of DCM/DCM_CLKGENs:                     0 out of       4    0%
  Number of ILOGIC2/ISERDES2s:                   1 out of     248    1%
    Number used as ILOGIC2s:                     1
    Number used as ISERDES2s:                    0
  Number of IODELAY2/IODRP2/IODRP2_MCBs:         0 out of     248    0%
  Number of OLOGIC2/OSERDES2s:                  11 out of     248    4%
    Number used as OLOGIC2s:                    11
    Number used as OSERDES2s:                    0
  Number of BSCANs:                              0 out of       4    0%
  Number of BUFHs:                               0 out of     128    0%
  Number of BUFPLLs:                             0 out of       8    0%
  Number of BUFPLL_MCBs:                         0 out of       4    0%
  Number of DSP48A1s:                            2 out of      32    6%
  Number of ICAPs:                               0 out of       1    0%
  Number of MCBs:                                0 out of       2    0%
  Number of PCILOGICSEs:                         0 out of       2    0%
  Number of PLL_ADVs:                            0 out of       2    0%
  Number of PMVs:                                0 out of       1    0%
  Number of STARTUPs:                            0 out of       1    0%
  Number of SUSPEND_SYNCs:                       0 out of       1    0%

Average Fanout of Non-Clock Nets:                4.16

Peak Memory Usage:  838 MB
Total REAL time to MAP completion:  11 secs 
Total CPU time to MAP completion:   10 secs 

Table of Contents
-----------------
Section 1 - Errors
Section 2 - Warnings
Section 3 - Informational
Section 4 - Removed Logic Summary
Section 5 - Removed Logic
Section 6 - IOB Properties
Section 7 - RPMs
Section 8 - Guide Report
Section 9 - Area Group and Partition Summary
Section 10 - Timing Report
Section 11 - Configuration String Information
Section 12 - Control Set Information
Section 13 - Utilization by Hierarchy

Section 1 - Errors
------------------

Section 2 - Warnings
--------------------
WARNING:Security:43 - No license file was found in the standard Xilinx license
directory.
WARNING:Security:44 - Since no license file was found,
WARNING:Security:42 - Your software subscription period has lapsed. Your current
version of Xilinx tools will continue to function, but you no longer qualify for
Xilinx software updates or new releases.
WARNING:PhysDesignRules:367 - The signal <prog_mem_comp/Mram_PM21_RAMD_O> is
   incomplete. The signal does not drive any load pins in the design.
WARNING:PhysDesignRules:367 - The signal <prog_mem_comp/Mram_PM10_RAMD_O> is
   incomplete. The signal does not drive any load pins in the design.
WARNING:PhysDesignRules:367 - The signal <prog_mem_comp/Mram_PM18_RAMD_O> is
   incomplete. The signal does not drive any load pins in the design.
WARNING:PhysDesignRules:367 - The signal <prog_mem_comp/Mram_PM17_RAMD_O> is
   incomplete. The signal does not drive any load pins in the design.
WARNING:PhysDesignRules:367 - The signal <prog_mem_comp/Mram_PM3_RAMD_O> is
   incomplete. The signal does not drive any load pins in the design.
WARNING:PhysDesignRules:367 - The signal <prog_mem_comp/Mram_PM14_RAMD_O> is
   incomplete. The signal does not drive any load pins in the design.
WARNING:PhysDesignRules:367 - The signal <prog_mem_comp/Mram_PM7_RAMD_O> is
   incomplete. The signal does not drive any load pins in the design.
WARNING:PhysDesignRules:367 - The signal <prog_mem_comp/Mram_PM16_RAMD_O> is
   incomplete. The signal does not drive any load pins in the design.
WARNING:PhysDesignRules:367 - The signal <prog_mem_comp/Mram_PM5_RAMD_O> is
   incomplete. The signal does not drive any load pins in the design.
WARNING:PhysDesignRules:367 - The signal <prog_mem_comp/Mram_PM13_RAMD_O> is
   incomplete. The signal does not drive any load pins in the design.
WARNING:PhysDesignRules:367 - The signal <prog_mem_comp/Mram_PM2_RAMD_O> is
   incomplete. The signal does not drive any load pins in the design.
WARNING:PhysDesignRules:367 - The signal <prog_mem_comp/Mram_PM6_RAMD_O> is
   incomplete. The signal does not drive any load pins in the design.
WARNING:PhysDesignRules:367 - The signal <prog_mem_comp/Mram_PM15_RAMD_O> is
   incomplete. The signal does not drive any load pins in the design.
WARNING:PhysDesignRules:367 - The signal <prog_mem_comp/Mram_PM1_RAMD_O> is
   incomplete. The signal does not drive any load pins in the design.
WARNING:PhysDesignRules:367 - The signal <prog_mem_comp/Mram_PM12_RAMD_O> is
   incomplete. The signal does not drive any load pins in the design.
WARNING:PhysDesignRules:367 - The signal <prog_mem_comp/Mram_PM9_RAMD_O> is
   incomplete. The signal does not drive any load pins in the design.
WARNING:PhysDesignRules:367 - The signal <prog_mem_comp/Mram_PM8_RAMD_O> is
   incomplete. The signal does not drive any load pins in the design.
WARNING:PhysDesignRules:367 - The signal <prog_mem_comp/Mram_PM19_RAMD_O> is
   incomplete. The signal does not drive any load pins in the design.
WARNING:PhysDesignRules:367 - The signal <prog_mem_comp/Mram_PM4_RAMD_O> is
   incomplete. The signal does not drive any load pins in the design.
WARNING:PhysDesignRules:367 - The signal <prog_mem_comp/Mram_PM20_RAMD_O> is
   incomplete. The signal does not drive any load pins in the design.

Section 3 - Informational
-------------------------
INFO:Security:50 - The XILINXD_LICENSE_FILE environment variable is set to
'2100@xilinx.license.it.liu.se'.
INFO:Security:52 - The LM_LICENSE_FILE environment variable is set to
'1705@altera.license.it.liu.se'.
INFO:Security:54 - 'xc6slx16' is a WebPack part.
INFO:LIT:243 - Logical network prog_mem_comp/Mram_PM111/SPO has no load.
INFO:LIT:243 - Logical network prog_mem_comp/Mram_PM222/SPO has no load.
INFO:LIT:243 - Logical network prog_mem_comp/Mram_PM112/SPO has no load.
INFO:LIT:243 - Logical network prog_mem_comp/Mram_PM221/SPO has no load.
INFO:MapLib:562 - No environment variables are currently set.
INFO:LIT:244 - All of the single ended outputs in this design are using slew
   rate limited output drivers. The delay on speed critical single ended outputs
   can be dramatically reduced by designating them as fast outputs.
INFO:Pack:1716 - Initializing temperature to 85.000 Celsius. (default - Range:
   0.000 to 85.000 Celsius)
INFO:Pack:1720 - Initializing voltage to 1.140 Volts. (default - Range: 1.140 to
   1.260 Volts)
INFO:Map:215 - The Interim Design Summary has been generated in the MAP Report
   (.mrp).
INFO:Place:834 - Only a subset of IOs are locked. Out of 15 IOs, 14 are locked
   and 1 are not locked. If you would like to print the names of these IOs,
   please set the environment variable XIL_PAR_DESIGN_CHECK_VERBOSE to 1. 
INFO:Pack:1650 - Map created a placed design.

Section 4 - Removed Logic Summary
---------------------------------
   2 block(s) optimized away
  55 Block(s) redundant

Section 5 - Removed Logic
-------------------------

Optimized Block(s):
TYPE 		BLOCK
GND 		XST_GND
VCC 		XST_VCC

Redundant Block(s):
TYPE 		BLOCK
LUT1 		Mcount_PC_cy<1>_rt
LUT1 		Mcount_PC_cy<2>_rt
LUT1 		Mcount_PC_cy<3>_rt
LUT1 		Mcount_PC_cy<4>_rt
LUT1 		Mcount_PC_cy<5>_rt
LUT1 		prog_loader_comp/Mcount_addr_cnt_out_cy<5>_rt
LUT1 		prog_loader_comp/Mcount_addr_cnt_out_cy<4>_rt
LUT1 		prog_loader_comp/Mcount_addr_cnt_out_cy<3>_rt
LUT1 		prog_loader_comp/Mcount_addr_cnt_out_cy<2>_rt
LUT1 		prog_loader_comp/Mcount_addr_cnt_out_cy<1>_rt
LUT1 		prog_loader_comp/Mcount_st_868_cnt_out_cy<9>_rt
LUT1 		prog_loader_comp/Mcount_st_868_cnt_out_cy<8>_rt
LUT1 		prog_loader_comp/Mcount_st_868_cnt_out_cy<7>_rt
LUT1 		prog_loader_comp/Mcount_st_868_cnt_out_cy<6>_rt
LUT1 		prog_loader_comp/Mcount_st_868_cnt_out_cy<5>_rt
LUT1 		prog_loader_comp/Mcount_st_868_cnt_out_cy<4>_rt
LUT1 		prog_loader_comp/Mcount_st_868_cnt_out_cy<3>_rt
LUT1 		prog_loader_comp/Mcount_st_868_cnt_out_cy<2>_rt
LUT1 		prog_loader_comp/Mcount_st_868_cnt_out_cy<1>_rt
LUT1 		alu_comp/Madd_add_carry<19:0>_Madd_cy<15>_rt
LUT1 		alu_comp/Madd_add_carry<19:0>_Madd_cy<14>_rt
LUT1 		alu_comp/Madd_add_carry<19:0>_Madd_cy<13>_rt
LUT1 		alu_comp/Madd_add_carry<19:0>_Madd_cy<12>_rt
LUT1 		alu_comp/Madd_add_carry<19:0>_Madd_cy<11>_rt
LUT1 		alu_comp/Madd_add_carry<19:0>_Madd_cy<10>_rt
LUT1 		alu_comp/Madd_add_carry<19:0>_Madd_cy<9>_rt
LUT1 		alu_comp/Madd_add_carry<19:0>_Madd_cy<8>_rt
LUT1 		alu_comp/Madd_add_carry<19:0>_Madd_cy<7>_rt
LUT1 		alu_comp/Madd_add_carry<19:0>_Madd_cy<6>_rt
LUT1 		alu_comp/Madd_add_carry<19:0>_Madd_cy<5>_rt
LUT1 		alu_comp/Madd_add_carry<19:0>_Madd_cy<4>_rt
LUT1 		alu_comp/Madd_add_carry<19:0>_Madd_cy<3>_rt
LUT1 		alu_comp/Madd_add_carry<19:0>_Madd_cy<2>_rt
LUT1 		alu_comp/Madd_add_carry<19:0>_Madd_cy<1>_rt
LUT1 		leddriver_comp/Mcount_counter_r_cy<16>_rt
LUT1 		leddriver_comp/Mcount_counter_r_cy<15>_rt
LUT1 		leddriver_comp/Mcount_counter_r_cy<14>_rt
LUT1 		leddriver_comp/Mcount_counter_r_cy<13>_rt
LUT1 		leddriver_comp/Mcount_counter_r_cy<12>_rt
LUT1 		leddriver_comp/Mcount_counter_r_cy<11>_rt
LUT1 		leddriver_comp/Mcount_counter_r_cy<10>_rt
LUT1 		leddriver_comp/Mcount_counter_r_cy<9>_rt
LUT1 		leddriver_comp/Mcount_counter_r_cy<8>_rt
LUT1 		leddriver_comp/Mcount_counter_r_cy<7>_rt
LUT1 		leddriver_comp/Mcount_counter_r_cy<6>_rt
LUT1 		leddriver_comp/Mcount_counter_r_cy<5>_rt
LUT1 		leddriver_comp/Mcount_counter_r_cy<4>_rt
LUT1 		leddriver_comp/Mcount_counter_r_cy<3>_rt
LUT1 		leddriver_comp/Mcount_counter_r_cy<2>_rt
LUT1 		leddriver_comp/Mcount_counter_r_cy<1>_rt
LUT1 		Mcount_PC_xor<6>_rt
LUT1 		prog_loader_comp/Mcount_addr_cnt_out_xor<6>_rt
LUT1 		prog_loader_comp/Mcount_st_868_cnt_out_xor<10>_rt
LUT1 		alu_comp/Madd_add_carry<19:0>_Madd_xor<16>_rt
LUT1 		leddriver_comp/Mcount_counter_r_xor<17>_rt

Section 6 - IOB Properties
--------------------------

+---------------------------------------------------------------------------------------------------------------------------------------------------------+
| IOB Name                           | Type             | Direction | IO Standard          | Diff  | Drive    | Slew | Reg (s)      | Resistor | IOB      |
|                                    |                  |           |                      | Term  | Strength | Rate |              |          | Delay    |
+---------------------------------------------------------------------------------------------------------------------------------------------------------+
| UART_in                            | IOB              | INPUT     | LVCMOS33             |       |          |      | IFF          |          |          |
| an<0>                              | IOB              | OUTPUT    | LVCMOS33             |       | 12       | SLOW | OFF          |          |          |
| an<1>                              | IOB              | OUTPUT    | LVCMOS33             |       | 12       | SLOW | OFF          |          |          |
| an<2>                              | IOB              | OUTPUT    | LVCMOS33             |       | 12       | SLOW | OFF          |          |          |
| an<3>                              | IOB              | OUTPUT    | LVCMOS33             |       | 12       | SLOW | OFF          |          |          |
| clk                                | IOB              | INPUT     | LVCMOS33             |       |          |      |              |          |          |
| rst                                | IOB              | INPUT     | LVCMOS25             |       |          |      |              |          |          |
| seg<0>                             | IOB              | OUTPUT    | LVCMOS33             |       | 12       | SLOW | OFF          |          |          |
| seg<1>                             | IOB              | OUTPUT    | LVCMOS33             |       | 12       | SLOW | OFF          |          |          |
| seg<2>                             | IOB              | OUTPUT    | LVCMOS33             |       | 12       | SLOW | OFF          |          |          |
| seg<3>                             | IOB              | OUTPUT    | LVCMOS33             |       | 12       | SLOW | OFF          |          |          |
| seg<4>                             | IOB              | OUTPUT    | LVCMOS33             |       | 12       | SLOW | OFF          |          |          |
| seg<5>                             | IOB              | OUTPUT    | LVCMOS33             |       | 12       | SLOW | OFF          |          |          |
| seg<6>                             | IOB              | OUTPUT    | LVCMOS33             |       | 12       | SLOW | OFF          |          |          |
| seg<7>                             | IOB              | OUTPUT    | LVCMOS33             |       | 12       | SLOW |              |          |          |
+---------------------------------------------------------------------------------------------------------------------------------------------------------+

Section 7 - RPMs
----------------

Section 8 - Guide Report
------------------------
Guide not run on this design.

Section 9 - Area Group and Partition Summary
--------------------------------------------

Partition Implementation Status
-------------------------------

  No Partitions were found in this design.

-------------------------------

Area Group Information
----------------------

  No area groups were found in this design.

----------------------

Section 10 - Timing Report
--------------------------
A logic-level (pre-route) timing report can be generated by using Xilinx static
timing analysis tools, Timing Analyzer (GUI) or TRCE (command line), with the
mapped NCD and PCF files. Please note that this timing report will be generated
using estimated delay information. For accurate numbers, please generate a
timing report with the post Place and Route NCD file.

For more information about the Timing Analyzer, consult the Xilinx Timing
Analyzer Reference Manual; for more information about TRCE, consult the Xilinx
Command Line Tools User Guide "TRACE" chapter.

Section 11 - Configuration String Details
-----------------------------------------

Section 12 - Control Set Information
------------------------------------
+------------------------------------------------------------------------------------------------------------------------+
| Clock Signal | Reset Signal            | Set Signal | Enable Signal                | Slice Load Count | Bel Load Count |
+------------------------------------------------------------------------------------------------------------------------+
| clk_BUFGP    |                         |            |                              | 7                | 24             |
| clk_BUFGP    |                         |            | alu_comp/n0055_inv           | 1                | 2              |
| clk_BUFGP    |                         |            | dm_we                        | 8                | 32             |
| clk_BUFGP    |                         |            | prog_loader_comp/_n0191_inv  | 1                | 1              |
| clk_BUFGP    |                         |            | prog_loader_comp/sp          | 3                | 9              |
| clk_BUFGP    |                         |            | prog_loader_comp/st_4_cnt_en | 5                | 33             |
| clk_BUFGP    |                         |            | rf_we                        | 4                | 32             |
| clk_BUFGP    |                         |            | write_ctrl                   | 11               | 44             |
| clk_BUFGP    |                         |            | write_ctrl1                  | 11               | 44             |
| clk_BUFGP    | prog_loader_comp/_n0168 |            | prog_loader_comp/_n0196_inv  | 3                | 11             |
| clk_BUFGP    | prog_loader_comp/_n0169 |            | prog_loader_comp/_n0199_inv  | 1                | 4              |
| clk_BUFGP    | prog_loader_comp/_n0170 |            | prog_loader_comp/_n0202_inv  | 1                | 2              |
| clk_BUFGP    | prog_loader_comp/_n0170 |            | prog_loader_comp/_n0205_inv  | 2                | 7              |
| clk_BUFGP    | rst_IBUF                |            |                              | 31               | 85             |
| clk_BUFGP    | rst_IBUF                |            | temp_done_rst_AND_589_o      | 2                | 7              |
+------------------------------------------------------------------------------------------------------------------------+

Section 13 - Utilization by Hierarchy
-------------------------------------
+----------------------------------------------------------------------------------------------------------------------------------------------------------------------------------------------+
| Module             | Partition | Slices*       | Slice Reg     | LUTs          | LUTRAM        | BRAM/FIFO | DSP48A1 | BUFG  | BUFIO | BUFR  | DCM   | PLL_ADV   | Full Hierarchical Name    |
+----------------------------------------------------------------------------------------------------------------------------------------------------------------------------------------------+
| pipeCPU/           |           | 54/194        | 92/184        | 115/558       | 0/137         | 0/0       | 0/2     | 1/1   | 0/0   | 0/0   | 0/0   | 0/0       | pipeCPU                   |
| +alu_comp          |           | 79/79         | 4/4           | 226/226       | 0/0           | 0/0       | 2/2     | 0/0   | 0/0   | 0/0   | 0/0   | 0/0       | pipeCPU/alu_comp          |
| +data_mem_comp     |           | 8/8           | 0/0           | 32/32         | 32/32         | 0/0       | 0/0     | 0/0   | 0/0   | 0/0   | 0/0   | 0/0       | pipeCPU/data_mem_comp     |
| +leddriver_comp    |           | 9/9           | 18/18         | 28/28         | 0/0           | 0/0       | 0/0     | 0/0   | 0/0   | 0/0   | 0/0   | 0/0       | pipeCPU/leddriver_comp    |
| +prog_loader_comp  |           | 18/18         | 70/70         | 53/53         | 1/1           | 0/0       | 0/0     | 0/0   | 0/0   | 0/0   | 0/0   | 0/0       | pipeCPU/prog_loader_comp  |
| +prog_mem_comp     |           | 22/22         | 0/0           | 88/88         | 88/88         | 0/0       | 0/0     | 0/0   | 0/0   | 0/0   | 0/0   | 0/0       | pipeCPU/prog_mem_comp     |
| +reg_file_comp     |           | 4/4           | 0/0           | 16/16         | 16/16         | 0/0       | 0/0     | 0/0   | 0/0   | 0/0   | 0/0   | 0/0       | pipeCPU/reg_file_comp     |
+----------------------------------------------------------------------------------------------------------------------------------------------------------------------------------------------+

* Slices can be packed with basic elements from multiple hierarchies.
  Therefore, a slice will be counted in every hierarchical module
  that each of its packed basic elements belong to.
** For each column, there are two numbers reported <A>/<B>.
   <A> is the number of elements that belong to that specific hierarchical module.
   <B> is the total number of elements from that hierarchical module and any lower level
   hierarchical modules below.
*** The LUTRAM column counts all LUTs used as memory including RAM, ROM, and shift registers.
